<?xml version="1.0" encoding="UTF-8"?>
<!-- Generated by org.testng.reporters.JUnitReportReporter -->
<testsuite hostname="DESKTOP-NVQOVER" failures="0" tests="2" name="test.APITest" time="5.405" errors="0" timestamp="09 May 2023 03:02:24 GMT" skipped="0">
  <testcase classname="test.APITest" name="memberHistory" time="2.657"/>
  <testcase classname="test.APITest" name="userProfile" time="2.748"/>
</testsuite> <!-- test.APITest -->
